0 info it worked if it ends with ok
1 verbose cli [ '/Users/mgr52/.nvm/versions/node/v6.3.0/bin/node',
1 verbose cli   '/Users/mgr52/.nvm/versions/node/v6.3.0/bin/npm',
1 verbose cli   'start' ]
2 info using npm@3.10.3
3 info using node@v6.3.0
4 verbose run-script [ 'prestart', 'start', 'poststart' ]
5 info lifecycle twitter-playground@1.0.0~prestart: twitter-playground@1.0.0
6 silly lifecycle twitter-playground@1.0.0~prestart: no script for prestart, continuing
7 info lifecycle twitter-playground@1.0.0~start: twitter-playground@1.0.0
8 verbose lifecycle twitter-playground@1.0.0~start: unsafe-perm in lifecycle true
9 verbose lifecycle twitter-playground@1.0.0~start: PATH: /Users/mgr52/.nvm/versions/node/v6.3.0/lib/node_modules/npm/bin/node-gyp-bin:/Users/mgr52/Code/twitter/node_modules/.bin:/Users/mgr52/.nvm/versions/node/v6.3.0/bin:/Users/mgr52/.rvm/gems/ruby-2.4.0/bin:/Users/mgr52/.rvm/gems/ruby-2.4.0@global/bin:/Users/mgr52/.rvm/rubies/ruby-2.4.0/bin:/Users/mgr52/.nvm/versions/node/v6.3.0/bin:/usr/local/bin:/usr/bin:/bin:/usr/sbin:/sbin:/Users/mgr52/.rvm/bin
10 verbose lifecycle twitter-playground@1.0.0~start: CWD: /Users/mgr52/Code/twitter
11 silly lifecycle twitter-playground@1.0.0~start: Args: [ '-c',
11 silly lifecycle   'NODE_ENV=prod webpack --config webpack.config.js && node server' ]
12 silly lifecycle twitter-playground@1.0.0~start: Returned: code: 2  signal: null
13 info lifecycle twitter-playground@1.0.0~start: Failed to exec start script
14 verbose stack Error: twitter-playground@1.0.0 start: `NODE_ENV=prod webpack --config webpack.config.js && node server`
14 verbose stack Exit status 2
14 verbose stack     at EventEmitter.<anonymous> (/Users/mgr52/.nvm/versions/node/v6.3.0/lib/node_modules/npm/lib/utils/lifecycle.js:242:16)
14 verbose stack     at emitTwo (events.js:106:13)
14 verbose stack     at EventEmitter.emit (events.js:191:7)
14 verbose stack     at ChildProcess.<anonymous> (/Users/mgr52/.nvm/versions/node/v6.3.0/lib/node_modules/npm/lib/utils/spawn.js:40:14)
14 verbose stack     at emitTwo (events.js:106:13)
14 verbose stack     at ChildProcess.emit (events.js:191:7)
14 verbose stack     at maybeClose (internal/child_process.js:852:16)
14 verbose stack     at Process.ChildProcess._handle.onexit (internal/child_process.js:215:5)
15 verbose pkgid twitter-playground@1.0.0
16 verbose cwd /Users/mgr52/Code/twitter
17 error Darwin 15.6.0
18 error argv "/Users/mgr52/.nvm/versions/node/v6.3.0/bin/node" "/Users/mgr52/.nvm/versions/node/v6.3.0/bin/npm" "start"
19 error node v6.3.0
20 error npm  v3.10.3
21 error code ELIFECYCLE
22 error twitter-playground@1.0.0 start: `NODE_ENV=prod webpack --config webpack.config.js && node server`
22 error Exit status 2
23 error Failed at the twitter-playground@1.0.0 start script 'NODE_ENV=prod webpack --config webpack.config.js && node server'.
23 error Make sure you have the latest version of node.js and npm installed.
23 error If you do, this is most likely a problem with the twitter-playground package,
23 error not with npm itself.
23 error Tell the author that this fails on your system:
23 error     NODE_ENV=prod webpack --config webpack.config.js && node server
23 error You can get information on how to open an issue for this project with:
23 error     npm bugs twitter-playground
23 error Or if that isn't available, you can get their info via:
23 error     npm owner ls twitter-playground
23 error There is likely additional logging output above.
24 verbose exit [ 1, true ]
